<?xml version="1.0" encoding="UTF-8"?>
<testsuite xmlns:xsi="http://www.w3.org/2001/XMLSchema-instance" xsi:noNamespaceSchemaLocation="https://maven.apache.org/surefire/maven-surefire-plugin/xsd/surefire-test-report.xsd" name="com.KiyoInteriors.ECommerce.service.AuthenticationServiceTest" time="0.198" tests="21" errors="0" skipped="0" failures="0">
  <properties>
[...]
</properties>
  <testcase name="testVerifyUser_InvalidCode" classname="com.KiyoInteriors.ECommerce.service.AuthenticationServiceTest" time="0.062"/>
  <testcase name="testChangePassword_ValidPassword_PasswordUpdated" classname="com.KiyoInteriors.ECommerce.service.AuthenticationServiceTest" time="0.006"/>
  <testcase name="testResetPassword_ValidCodeAndPassword_UserPasswordReset" classname="com.KiyoInteriors.ECommerce.service.AuthenticationServiceTest" time="0.008"/>
  <testcase name="testLogout_AuthenticationSetToNull" classname="com.KiyoInteriors.ECommerce.service.AuthenticationServiceTest" time="0.001"/>
  <testcase name="testResetPassword_InvalidCode_ThrowsUserNotFoundException" classname="com.KiyoInteriors.ECommerce.service.AuthenticationServiceTest" time="0.002"/>
  <testcase name="testChangePassword_InvalidPassword_ThrowsUserNotFoundException" classname="com.KiyoInteriors.ECommerce.service.AuthenticationServiceTest" time="0.003"/>
  <testcase name="testVerifyUserAndChangeMail_ValidCode_ChangesEmail" classname="com.KiyoInteriors.ECommerce.service.AuthenticationServiceTest" time="0.004"/>
  <testcase name="testAuthenticate_responseUserNotVerified" classname="com.KiyoInteriors.ECommerce.service.AuthenticationServiceTest" time="0.004"/>
  <testcase name="testRequestResetPassword_UserFound_SendsResetPasswordEmail" classname="com.KiyoInteriors.ECommerce.service.AuthenticationServiceTest" time="0.005"/>
  <testcase name="testVerifyUserAndChangeMail_InvalidCode_ThrowsUserNotFoundException" classname="com.KiyoInteriors.ECommerce.service.AuthenticationServiceTest" time="0.003"/>
  <testcase name="testRegister" classname="com.KiyoInteriors.ECommerce.service.AuthenticationServiceTest" time="0.017"/>
  <testcase name="testVerifyUser_AlreadyVerified" classname="com.KiyoInteriors.ECommerce.service.AuthenticationServiceTest" time="0.004"/>
  <testcase name="testRequestVerify_UserFound_SendsVerificationEmail" classname="com.KiyoInteriors.ECommerce.service.AuthenticationServiceTest" time="0.004"/>
  <testcase name="testRegisterUserExists" classname="com.KiyoInteriors.ECommerce.service.AuthenticationServiceTest" time="0.003"/>
  <testcase name="verifyUser_ValidCode" classname="com.KiyoInteriors.ECommerce.service.AuthenticationServiceTest" time="0.013"/>
  <testcase name="testVerifyUserAndChangeMail_CodeExpired_ThrowsAccessDeniedException" classname="com.KiyoInteriors.ECommerce.service.AuthenticationServiceTest" time="0.003"/>
  <testcase name="testVerifyUser_CodeExpired" classname="com.KiyoInteriors.ECommerce.service.AuthenticationServiceTest" time="0.001"/>
  <testcase name="testRequestResetPassword_UserNotFound_ThrowsUserNotFoundException" classname="com.KiyoInteriors.ECommerce.service.AuthenticationServiceTest" time="0.005"/>
  <testcase name="testAuthenticate_ValidCredentials_ReturnsResponseWithToken" classname="com.KiyoInteriors.ECommerce.service.AuthenticationServiceTest" time="0.029"/>
  <testcase name="testOAuth2Register_SuccessfullyRegistersUser" classname="com.KiyoInteriors.ECommerce.service.AuthenticationServiceTest" time="0.002"/>
  <testcase name="testRequestVerify_UserNotFound_ThrowsUserNotFoundException" classname="com.KiyoInteriors.ECommerce.service.AuthenticationServiceTest" time="0.002"/>
</testsuite>